{
  "stats": {
    "suites": 1,
    "tests": 2,
    "passes": 2,
    "pending": 0,
    "failures": 0,
    "start": "2021-12-14T18:26:38.172Z",
    "end": "2021-12-14T18:26:45.991Z",
    "duration": 7819,
    "testsRegistered": 2,
    "passPercent": 100,
    "pendingPercent": 0,
    "other": 0,
    "hasOther": false,
    "skipped": 0,
    "hasSkipped": false
  },
  "results": [
    {
      "uuid": "d611ff30-aa4f-4718-ac20-d2a0d32c5459",
      "title": "",
      "fullFile": "cypress/integration/2-advanced-examples/waiting.spec.js",
      "file": "cypress/integration/2-advanced-examples/waiting.spec.js",
      "beforeHooks": [],
      "afterHooks": [],
      "tests": [],
      "suites": [
        {
          "uuid": "a1cae2da-c964-4941-9a05-b30ce5a54e49",
          "title": "Waiting",
          "fullFile": "",
          "file": "",
          "beforeHooks": [],
          "afterHooks": [],
          "tests": [
            {
              "title": "cy.wait() - wait for a specific amount of time",
              "fullTitle": "Waiting cy.wait() - wait for a specific amount of time",
              "timedOut": null,
              "duration": 4990,
              "state": "passed",
              "speed": "slow",
              "pass": true,
              "fail": false,
              "pending": false,
              "context": null,
              "code": "cy.get('.wait-input1').type('Wait 1000ms after typing');\ncy.wait(1000);\ncy.get('.wait-input2').type('Wait 1000ms after typing');\ncy.wait(1000);\ncy.get('.wait-input3').type('Wait 1000ms after typing');\ncy.wait(1000);",
              "err": {},
              "uuid": "814a5de2-c2a9-4461-9095-1f94f888065f",
              "parentUUID": "a1cae2da-c964-4941-9a05-b30ce5a54e49",
              "isHook": false,
              "skipped": false
            },
            {
              "title": "cy.wait() - wait for a specific route",
              "fullTitle": "Waiting cy.wait() - wait for a specific route",
              "timedOut": null,
              "duration": 1049,
              "state": "passed",
              "speed": "slow",
              "pass": true,
              "fail": false,
              "pending": false,
              "context": null,
              "code": "// Listen to GET to comments/1\ncy.intercept('GET', '**/comments/*').as('getComment'); // we have code that gets a comment when\n// the button is clicked in scripts.js\ncy.get('.network-btn').click(); // wait for GET comments/1\ncy.wait('@getComment').its('response.statusCode').should('be.oneOf', [200, 304]);",
              "err": {},
              "uuid": "1925f701-2f0b-4446-9367-d457cfaf21b1",
              "parentUUID": "a1cae2da-c964-4941-9a05-b30ce5a54e49",
              "isHook": false,
              "skipped": false
            }
          ],
          "suites": [],
          "passes": [
            "814a5de2-c2a9-4461-9095-1f94f888065f",
            "1925f701-2f0b-4446-9367-d457cfaf21b1"
          ],
          "failures": [],
          "pending": [],
          "skipped": [],
          "duration": 6039,
          "root": false,
          "rootEmpty": false,
          "_timeout": 2000
        }
      ],
      "passes": [],
      "failures": [],
      "pending": [],
      "skipped": [],
      "duration": 0,
      "root": true,
      "rootEmpty": true,
      "_timeout": 2000
    }
  ],
  "meta": {
    "mocha": {
      "version": "7.0.1"
    },
    "mochawesome": {
      "options": {
        "quiet": false,
        "reportFilename": "mochawesome",
        "saveHtml": false,
        "saveJson": true,
        "consoleReporter": "spec",
        "useInlineDiffs": false,
        "code": true
      },
      "version": "7.0.1"
    },
    "marge": {
      "options": {
        "reportDir": "cypress/report/mochawesome-report",
        "overwrite": false,
        "html": false,
        "json": true,
        "timestamp": "mmddyyyy_HHMMss"
      },
      "version": "6.0.1"
    }
  }
}