{
  "stats": {
    "suites": 2,
    "tests": 1,
    "passes": 1,
    "pending": 0,
    "failures": 0,
    "start": "2021-12-14T20:20:12.182Z",
    "end": "2021-12-14T20:20:13.955Z",
    "duration": 1773,
    "testsRegistered": 1,
    "passPercent": 100,
    "pendingPercent": 0,
    "other": 0,
    "hasOther": false,
    "skipped": 0,
    "hasSkipped": false
  },
  "results": [
    {
      "uuid": "d7ef80c5-d145-44dd-af4f-77e827ddeeab",
      "title": "",
      "fullFile": "cypress/integration/simple-first.spec.js",
      "file": "cypress/integration/simple-first.spec.js",
      "beforeHooks": [],
      "afterHooks": [],
      "tests": [],
      "suites": [
        {
          "uuid": "572b5c92-63e8-40e9-8cc0-a2ee71764af7",
          "title": "Simple first test:",
          "fullFile": "",
          "file": "",
          "beforeHooks": [],
          "afterHooks": [],
          "tests": [],
          "suites": [
            {
              "uuid": "aa65f64d-2785-47c3-b563-555d5dd3552f",
              "title": "Load page:",
              "fullFile": "",
              "file": "",
              "beforeHooks": [],
              "afterHooks": [],
              "tests": [
                {
                  "title": "button with text",
                  "fullTitle": "Simple first test: Load page: button with text",
                  "timedOut": null,
                  "duration": 1718,
                  "state": "passed",
                  "speed": "slow",
                  "pass": true,
                  "fail": false,
                  "pending": false,
                  "context": null,
                  "code": "// Step 2: Take an action (Sign in)\n// cy.get(selectors.usernameInput).type(\"DUMMY_USERNAME\");\n// cy.get(selectors.signInPasswordInput).type(\"DUMMY_PASSWORD\");\n// cy.get(selectors.signInSignInButton).contains('Sign In').click();\n// cy.get(selectors.googleButton).contains('Sign In').click();\n// Step 3: Make an assertion (Check for sign-out text)\n//   cy.get(selectors.signOutButton).contains('Sign Out');\ncy.get(selectors.divWithArgentinaText).contains('Argentina');",
                  "err": {},
                  "uuid": "d1858a83-f9e8-4423-bb6d-a35ca6633658",
                  "parentUUID": "aa65f64d-2785-47c3-b563-555d5dd3552f",
                  "isHook": false,
                  "skipped": false
                }
              ],
              "suites": [],
              "passes": [
                "d1858a83-f9e8-4423-bb6d-a35ca6633658"
              ],
              "failures": [],
              "pending": [],
              "skipped": [],
              "duration": 1718,
              "root": false,
              "rootEmpty": false,
              "_timeout": 2000
            }
          ],
          "passes": [],
          "failures": [],
          "pending": [],
          "skipped": [],
          "duration": 0,
          "root": false,
          "rootEmpty": false,
          "_timeout": 2000
        }
      ],
      "passes": [],
      "failures": [],
      "pending": [],
      "skipped": [],
      "duration": 0,
      "root": true,
      "rootEmpty": true,
      "_timeout": 2000
    }
  ],
  "meta": {
    "mocha": {
      "version": "7.0.1"
    },
    "mochawesome": {
      "options": {
        "quiet": false,
        "reportFilename": "mochawesome",
        "saveHtml": false,
        "saveJson": true,
        "consoleReporter": "spec",
        "useInlineDiffs": false,
        "code": true
      },
      "version": "7.0.1"
    },
    "marge": {
      "options": {
        "reportDir": "cypress/report/mochawesome-report",
        "overwrite": false,
        "html": false,
        "json": true,
        "timestamp": "mmddyyyy_HHMMss"
      },
      "version": "6.0.1"
    }
  }
}