{
  "stats": {
    "suites": 2,
    "tests": 1,
    "passes": 1,
    "pending": 0,
    "failures": 0,
    "start": "2021-12-15T19:27:49.328Z",
    "end": "2021-12-15T19:27:51.083Z",
    "duration": 1755,
    "testsRegistered": 1,
    "passPercent": 100,
    "pendingPercent": 0,
    "other": 0,
    "hasOther": false,
    "skipped": 0,
    "hasSkipped": false
  },
  "results": [
    {
      "uuid": "afaf87ca-0902-4f06-98f3-a214c387f192",
      "title": "",
      "fullFile": "cypress/integration/simple-first.spec.js",
      "file": "cypress/integration/simple-first.spec.js",
      "beforeHooks": [],
      "afterHooks": [],
      "tests": [],
      "suites": [
        {
          "uuid": "496eecc4-3cf8-48f2-94df-0f863b1f0919",
          "title": "Simple first test:",
          "fullFile": "",
          "file": "",
          "beforeHooks": [],
          "afterHooks": [],
          "tests": [],
          "suites": [
            {
              "uuid": "38ae6d94-86a8-47d3-9a98-f3fc1b38055e",
              "title": "Load page:",
              "fullFile": "",
              "file": "",
              "beforeHooks": [],
              "afterHooks": [],
              "tests": [
                {
                  "title": "button with text",
                  "fullTitle": "Simple first test: Load page: button with text",
                  "timedOut": null,
                  "duration": 1708,
                  "state": "passed",
                  "speed": "slow",
                  "pass": true,
                  "fail": false,
                  "pending": false,
                  "context": null,
                  "code": "// Step 2: Take an action (Sign in)\n// cy.get(selectors.usernameInput).type(\"DUMMY_USERNAME\");\n// cy.get(selectors.signInPasswordInput).type(\"DUMMY_PASSWORD\");\n// cy.get(selectors.signInSignInButton).contains('Sign In').click();\n// cy.get(selectors.googleButton).contains('Sign In').click();\n// Step 3: Make an assertion (Check for sign-out text)\n//   cy.get(selectors.signOutButton).contains('Sign Out');\ncy.title().should('eq', 'Google');",
                  "err": {},
                  "uuid": "8d7a7567-e06d-42ea-9572-cfb1442b43c2",
                  "parentUUID": "38ae6d94-86a8-47d3-9a98-f3fc1b38055e",
                  "isHook": false,
                  "skipped": false
                }
              ],
              "suites": [],
              "passes": [
                "8d7a7567-e06d-42ea-9572-cfb1442b43c2"
              ],
              "failures": [],
              "pending": [],
              "skipped": [],
              "duration": 1708,
              "root": false,
              "rootEmpty": false,
              "_timeout": 2000
            }
          ],
          "passes": [],
          "failures": [],
          "pending": [],
          "skipped": [],
          "duration": 0,
          "root": false,
          "rootEmpty": false,
          "_timeout": 2000
        }
      ],
      "passes": [],
      "failures": [],
      "pending": [],
      "skipped": [],
      "duration": 0,
      "root": true,
      "rootEmpty": true,
      "_timeout": 2000
    }
  ],
  "meta": {
    "mocha": {
      "version": "7.0.1"
    },
    "mochawesome": {
      "options": {
        "quiet": false,
        "reportFilename": "mochawesome",
        "saveHtml": false,
        "saveJson": true,
        "consoleReporter": "spec",
        "useInlineDiffs": false,
        "code": true
      },
      "version": "7.0.1"
    },
    "marge": {
      "options": {
        "reportDir": "cypress/report/mochawesome-report",
        "overwrite": false,
        "html": false,
        "json": true,
        "timestamp": "mmddyyyy_HHMMss"
      },
      "version": "6.0.1"
    }
  }
}